<html>
<head>
<title>TestNG:  ChromeTest</title>
<link href="../testng.css" rel="stylesheet" type="text/css" />
<link href="../my-testng.css" rel="stylesheet" type="text/css" />

<style type="text/css">
.log { display: none;} 
.stack-trace { display: none;} 
</style>
<script type="text/javascript">
<!--
function flip(e) {
  current = e.style.display;
  if (current == 'block') {
    e.style.display = 'none';
    return 0;
  }
  else {
    e.style.display = 'block';
    return 1;
  }
}

function toggleBox(szDivId, elem, msg1, msg2)
{
  var res = -1;  if (document.getElementById) {
    res = flip(document.getElementById(szDivId));
  }
  else if (document.all) {
    // this is the way old msie versions work
    res = flip(document.all[szDivId]);
  }
  if(elem) {
    if(res == 0) elem.innerHTML = msg1; else elem.innerHTML = msg2;
  }

}

function toggleAllBoxes() {
  if (document.getElementsByTagName) {
    d = document.getElementsByTagName('div');
    for (i = 0; i < d.length; i++) {
      if (d[i].className == 'log') {
        flip(d[i]);
      }
    }
  }
}

// -->
</script>

</head>
<body>
<h2 align='center'>ChromeTest</h2><table border='1' align="center">
<tr>
<td>Tests passed/Failed/Skipped:</td><td>0/0/6</td>
</tr><tr>
<td>Started on:</td><td>Sat Oct 14 01:29:28 IST 2023</td>
</tr>
<tr><td>Total time:</td><td>0 seconds (108 ms)</td>
</tr><tr>
<td>Included groups:</td><td></td>
</tr><tr>
<td>Excluded groups:</td><td></td>
</tr>
</table><p/>
<small><i>(Hover the method name to see the test class name)</i></small><p/>
<table width='100%' border='1' class='invocation-failed'>
<tr><td colspan='4' align='center'><b>FAILED CONFIGURATIONS</b></td></tr>
<tr><td><b>Test method</b></td>
<td><b>Attribute(s)</b></td>
<td width="30%"><b>Exception</b></td>
<td width="10%"><b>Time (seconds)</b></td>
<td><b>Instance</b></td>
</tr>
<tr>
<td title='checkpack.VerifyFacbookLogin1.launchBrowser()'><b>launchBrowser</b><br>Test class: checkpack.VerifyFacbookLogin1</td>
<td><div><pre>org.testng.TestNGException: 
Parameter &apos;browser&apos; is required by BeforeTest on method launchBrowser but has not been marked @Optional or defined
in C:\Users\rekha\ash eclipse-workspace\Start8sept2023\Regression.xml
... Removed 21 stack frames</pre></div><a href='#' onClick='toggleBox("stack-trace1006227006", this, "Click to show all stack frames", "Click to hide stack frames")'>Click to show all stack frames</a>
<div class='stack-trace' id='stack-trace1006227006'><pre>org.testng.TestNGException: 
Parameter &apos;browser&apos; is required by BeforeTest on method launchBrowser but has not been marked @Optional or defined
in C:\Users\rekha\ash eclipse-workspace\Start8sept2023\Regression.xml
	at org.testng.internal.Parameters.createParams(Parameters.java:267)
	at org.testng.internal.Parameters.createParametersForMethod(Parameters.java:355)
	at org.testng.internal.Parameters.createParameters(Parameters.java:684)
	at org.testng.internal.Parameters.createConfigurationParameters(Parameters.java:166)
	at org.testng.internal.invokers.ConfigInvoker.invokeConfigurations(ConfigInvoker.java:306)
	at org.testng.TestRunner.invokeTestConfigurations(TestRunner.java:663)
	at org.testng.TestRunner.beforeRun(TestRunner.java:652)
	at org.testng.TestRunner.run(TestRunner.java:614)
	at org.testng.SuiteRunner.runTest(SuiteRunner.java:443)
	at org.testng.SuiteRunner.runSequentially(SuiteRunner.java:437)
	at org.testng.SuiteRunner.privateRun(SuiteRunner.java:397)
	at org.testng.SuiteRunner.run(SuiteRunner.java:336)
	at org.testng.SuiteRunnerWorker.runSuite(SuiteRunnerWorker.java:52)
	at org.testng.SuiteRunnerWorker.run(SuiteRunnerWorker.java:95)
	at org.testng.TestNG.runSuitesSequentially(TestNG.java:1280)
	at org.testng.TestNG.runSuitesLocally(TestNG.java:1200)
	at org.testng.TestNG.runSuites(TestNG.java:1114)
	at org.testng.TestNG.run(TestNG.java:1082)
	at org.testng.remote.AbstractRemoteTestNG.run(AbstractRemoteTestNG.java:115)
	at org.testng.remote.RemoteTestNG.initAndRun(RemoteTestNG.java:251)
	at org.testng.remote.RemoteTestNG.main(RemoteTestNG.java:77)
</pre></div></td>
<td>-1697227168</td>
<td>checkpack.VerifyFacbookLogin1@5aebe890</td></tr>
</table><p>
<table width='100%' border='1' class='invocation-skipped'>
<tr><td colspan='4' align='center'><b>SKIPPED CONFIGURATIONS</b></td></tr>
<tr><td><b>Test method</b></td>
<td><b>Attribute(s)</b></td>
<td width="30%"><b>Exception</b></td>
<td width="10%"><b>Time (seconds)</b></td>
<td><b>Instance</b></td>
</tr>
<tr>
<td title='checkpack.VerifyFacbookLogin1.closeBrowser()'><b>closeBrowser</b><br>Test class: checkpack.VerifyFacbookLogin1</td>
<td></td>
<td>0</td>
<td>checkpack.VerifyFacbookLogin1@5aebe890</td></tr>
<tr>
<td title='checkpack.VerifyFacbookLogin1.VerifyLoginbutton()'><b>VerifyLoginbutton</b><br>Test class: checkpack.VerifyFacbookLogin1</td>
<td></td>
<td>0</td>
<td>checkpack.VerifyFacbookLogin1@5aebe890</td></tr>
<tr>
<td title='checkpack.VerifyFacbookLogin1.clearObject()'><b>clearObject</b><br>Test class: checkpack.VerifyFacbookLogin1</td>
<td></td>
<td>0</td>
<td>checkpack.VerifyFacbookLogin1@5aebe890</td></tr>
<tr>
<td title='checkpack.Teng1.afterMethod()'><b>afterMethod</b><br>Test class: checkpack.Teng1</td>
<td></td>
<td>0</td>
<td>checkpack.Teng1@65d09a04</td></tr>
<tr>
<td title='checkpack.Teng1.afterMethod()'><b>afterMethod</b><br>Test class: checkpack.Teng1</td>
<td></td>
<td>0</td>
<td>checkpack.Teng1@65d09a04</td></tr>
<tr>
<td title='checkpack.Teng1.beforeMethod()'><b>beforeMethod</b><br>Test class: checkpack.Teng1</td>
<td></td>
<td>0</td>
<td>checkpack.Teng1@65d09a04</td></tr>
<tr>
<td title='checkpack.VerifyFacbookLogin1.VerifyLoginbutton()'><b>VerifyLoginbutton</b><br>Test class: checkpack.VerifyFacbookLogin1</td>
<td></td>
<td>0</td>
<td>checkpack.VerifyFacbookLogin1@5aebe890</td></tr>
<tr>
<td title='checkpack.Teng1.afterMethod()'><b>afterMethod</b><br>Test class: checkpack.Teng1</td>
<td></td>
<td>0</td>
<td>checkpack.Teng1@65d09a04</td></tr>
<tr>
<td title='checkpack.Teng1.afterMethod()'><b>afterMethod</b><br>Test class: checkpack.Teng1</td>
<td></td>
<td>0</td>
<td>checkpack.Teng1@65d09a04</td></tr>
<tr>
<td title='checkpack.VerifyFacbookLogin1.LogoutFacebook()'><b>LogoutFacebook</b><br>Test class: checkpack.VerifyFacbookLogin1</td>
<td></td>
<td>0</td>
<td>checkpack.VerifyFacbookLogin1@5aebe890</td></tr>
<tr>
<td title='checkpack.Teng1.beforeMethod()'><b>beforeMethod</b><br>Test class: checkpack.Teng1</td>
<td></td>
<td>0</td>
<td>checkpack.Teng1@65d09a04</td></tr>
<tr>
<td title='checkpack.Teng1.beforeMethod()'><b>beforeMethod</b><br>Test class: checkpack.Teng1</td>
<td></td>
<td>0</td>
<td>checkpack.Teng1@65d09a04</td></tr>
<tr>
<td title='checkpack.Teng1.afterClass()'><b>afterClass</b><br>Test class: checkpack.Teng1</td>
<td></td>
<td>0</td>
<td>checkpack.Teng1@65d09a04</td></tr>
<tr>
<td title='checkpack.Teng1.beforeMethod()'><b>beforeMethod</b><br>Test class: checkpack.Teng1</td>
<td></td>
<td>0</td>
<td>checkpack.Teng1@65d09a04</td></tr>
<tr>
<td title='checkpack.VerifyFacbookLogin1.clearObject()'><b>clearObject</b><br>Test class: checkpack.VerifyFacbookLogin1</td>
<td></td>
<td>0</td>
<td>checkpack.VerifyFacbookLogin1@5aebe890</td></tr>
<tr>
<td title='checkpack.VerifyFacbookLogin1.LogoutFacebook()'><b>LogoutFacebook</b><br>Test class: checkpack.VerifyFacbookLogin1</td>
<td></td>
<td>0</td>
<td>checkpack.VerifyFacbookLogin1@5aebe890</td></tr>
<tr>
<td title='checkpack.Teng1.beforeClass()'><b>beforeClass</b><br>Test class: checkpack.Teng1</td>
<td></td>
<td>0</td>
<td>checkpack.Teng1@65d09a04</td></tr>
<tr>
<td title='checkpack.Teng1.afterTest()'><b>afterTest</b><br>Test class: checkpack.Teng1</td>
<td></td>
<td>0</td>
<td>checkpack.Teng1@65d09a04</td></tr>
<tr>
<td title='checkpack.VerifyFacbookLogin1.creatingPOMOject()'><b>creatingPOMOject</b><br>Test class: checkpack.VerifyFacbookLogin1</td>
<td></td>
<td>0</td>
<td>checkpack.VerifyFacbookLogin1@5aebe890</td></tr>
</table><p>
<table width='100%' border='1' class='invocation-skipped'>
<tr><td colspan='4' align='center'><b>SKIPPED TESTS</b></td></tr>
<tr><td><b>Test method</b></td>
<td><b>Attribute(s)</b></td>
<td width="30%"><b>Exception</b></td>
<td width="10%"><b>Time (seconds)</b></td>
<td><b>Instance</b></td>
</tr>
<tr>
<td title='checkpack.Teng1.test1()'><b>test1</b><br>Test class: checkpack.Teng1</td>
<td><div><pre>org.testng.TestNGException: 
Parameter &apos;browser&apos; is required by BeforeTest on method launchBrowser but has not been marked @Optional or defined
in C:\Users\rekha\ash eclipse-workspace\Start8sept2023\Regression.xml
... Removed 21 stack frames</pre></div><a href='#' onClick='toggleBox("stack-trace1429618998", this, "Click to show all stack frames", "Click to hide stack frames")'>Click to show all stack frames</a>
<div class='stack-trace' id='stack-trace1429618998'><pre>org.testng.TestNGException: 
Parameter &apos;browser&apos; is required by BeforeTest on method launchBrowser but has not been marked @Optional or defined
in C:\Users\rekha\ash eclipse-workspace\Start8sept2023\Regression.xml
	at org.testng.internal.Parameters.createParams(Parameters.java:267)
	at org.testng.internal.Parameters.createParametersForMethod(Parameters.java:355)
	at org.testng.internal.Parameters.createParameters(Parameters.java:684)
	at org.testng.internal.Parameters.createConfigurationParameters(Parameters.java:166)
	at org.testng.internal.invokers.ConfigInvoker.invokeConfigurations(ConfigInvoker.java:306)
	at org.testng.TestRunner.invokeTestConfigurations(TestRunner.java:663)
	at org.testng.TestRunner.beforeRun(TestRunner.java:652)
	at org.testng.TestRunner.run(TestRunner.java:614)
	at org.testng.SuiteRunner.runTest(SuiteRunner.java:443)
	at org.testng.SuiteRunner.runSequentially(SuiteRunner.java:437)
	at org.testng.SuiteRunner.privateRun(SuiteRunner.java:397)
	at org.testng.SuiteRunner.run(SuiteRunner.java:336)
	at org.testng.SuiteRunnerWorker.runSuite(SuiteRunnerWorker.java:52)
	at org.testng.SuiteRunnerWorker.run(SuiteRunnerWorker.java:95)
	at org.testng.TestNG.runSuitesSequentially(TestNG.java:1280)
	at org.testng.TestNG.runSuitesLocally(TestNG.java:1200)
	at org.testng.TestNG.runSuites(TestNG.java:1114)
	at org.testng.TestNG.run(TestNG.java:1082)
	at org.testng.remote.AbstractRemoteTestNG.run(AbstractRemoteTestNG.java:115)
	at org.testng.remote.RemoteTestNG.initAndRun(RemoteTestNG.java:251)
	at org.testng.remote.RemoteTestNG.main(RemoteTestNG.java:77)
</pre></div></td>
<td>0</td>
<td>checkpack.Teng1@65d09a04</td></tr>
<tr>
<td title='checkpack.Teng1.test2()'><b>test2</b><br>Test class: checkpack.Teng1</td>
<td><div><pre>org.testng.TestNGException: 
Parameter &apos;browser&apos; is required by BeforeTest on method launchBrowser but has not been marked @Optional or defined
in C:\Users\rekha\ash eclipse-workspace\Start8sept2023\Regression.xml
... Removed 21 stack frames</pre></div><a href='#' onClick='toggleBox("stack-trace7904281", this, "Click to show all stack frames", "Click to hide stack frames")'>Click to show all stack frames</a>
<div class='stack-trace' id='stack-trace7904281'><pre>org.testng.TestNGException: 
Parameter &apos;browser&apos; is required by BeforeTest on method launchBrowser but has not been marked @Optional or defined
in C:\Users\rekha\ash eclipse-workspace\Start8sept2023\Regression.xml
	at org.testng.internal.Parameters.createParams(Parameters.java:267)
	at org.testng.internal.Parameters.createParametersForMethod(Parameters.java:355)
	at org.testng.internal.Parameters.createParameters(Parameters.java:684)
	at org.testng.internal.Parameters.createConfigurationParameters(Parameters.java:166)
	at org.testng.internal.invokers.ConfigInvoker.invokeConfigurations(ConfigInvoker.java:306)
	at org.testng.TestRunner.invokeTestConfigurations(TestRunner.java:663)
	at org.testng.TestRunner.beforeRun(TestRunner.java:652)
	at org.testng.TestRunner.run(TestRunner.java:614)
	at org.testng.SuiteRunner.runTest(SuiteRunner.java:443)
	at org.testng.SuiteRunner.runSequentially(SuiteRunner.java:437)
	at org.testng.SuiteRunner.privateRun(SuiteRunner.java:397)
	at org.testng.SuiteRunner.run(SuiteRunner.java:336)
	at org.testng.SuiteRunnerWorker.runSuite(SuiteRunnerWorker.java:52)
	at org.testng.SuiteRunnerWorker.run(SuiteRunnerWorker.java:95)
	at org.testng.TestNG.runSuitesSequentially(TestNG.java:1280)
	at org.testng.TestNG.runSuitesLocally(TestNG.java:1200)
	at org.testng.TestNG.runSuites(TestNG.java:1114)
	at org.testng.TestNG.run(TestNG.java:1082)
	at org.testng.remote.AbstractRemoteTestNG.run(AbstractRemoteTestNG.java:115)
	at org.testng.remote.RemoteTestNG.initAndRun(RemoteTestNG.java:251)
	at org.testng.remote.RemoteTestNG.main(RemoteTestNG.java:77)
</pre></div></td>
<td>0</td>
<td>checkpack.Teng1@65d09a04</td></tr>
<tr>
<td title='checkpack.Teng1.test3()'><b>test3</b><br>Test class: checkpack.Teng1</td>
<td><div><pre>org.testng.TestNGException: 
Parameter &apos;browser&apos; is required by BeforeTest on method launchBrowser but has not been marked @Optional or defined
in C:\Users\rekha\ash eclipse-workspace\Start8sept2023\Regression.xml
... Removed 21 stack frames</pre></div><a href='#' onClick='toggleBox("stack-trace596726851", this, "Click to show all stack frames", "Click to hide stack frames")'>Click to show all stack frames</a>
<div class='stack-trace' id='stack-trace596726851'><pre>org.testng.TestNGException: 
Parameter &apos;browser&apos; is required by BeforeTest on method launchBrowser but has not been marked @Optional or defined
in C:\Users\rekha\ash eclipse-workspace\Start8sept2023\Regression.xml
	at org.testng.internal.Parameters.createParams(Parameters.java:267)
	at org.testng.internal.Parameters.createParametersForMethod(Parameters.java:355)
	at org.testng.internal.Parameters.createParameters(Parameters.java:684)
	at org.testng.internal.Parameters.createConfigurationParameters(Parameters.java:166)
	at org.testng.internal.invokers.ConfigInvoker.invokeConfigurations(ConfigInvoker.java:306)
	at org.testng.TestRunner.invokeTestConfigurations(TestRunner.java:663)
	at org.testng.TestRunner.beforeRun(TestRunner.java:652)
	at org.testng.TestRunner.run(TestRunner.java:614)
	at org.testng.SuiteRunner.runTest(SuiteRunner.java:443)
	at org.testng.SuiteRunner.runSequentially(SuiteRunner.java:437)
	at org.testng.SuiteRunner.privateRun(SuiteRunner.java:397)
	at org.testng.SuiteRunner.run(SuiteRunner.java:336)
	at org.testng.SuiteRunnerWorker.runSuite(SuiteRunnerWorker.java:52)
	at org.testng.SuiteRunnerWorker.run(SuiteRunnerWorker.java:95)
	at org.testng.TestNG.runSuitesSequentially(TestNG.java:1280)
	at org.testng.TestNG.runSuitesLocally(TestNG.java:1200)
	at org.testng.TestNG.runSuites(TestNG.java:1114)
	at org.testng.TestNG.run(TestNG.java:1082)
	at org.testng.remote.AbstractRemoteTestNG.run(AbstractRemoteTestNG.java:115)
	at org.testng.remote.RemoteTestNG.initAndRun(RemoteTestNG.java:251)
	at org.testng.remote.RemoteTestNG.main(RemoteTestNG.java:77)
</pre></div></td>
<td>0</td>
<td>checkpack.Teng1@65d09a04</td></tr>
<tr>
<td title='checkpack.Teng1.test4()'><b>test4</b><br>Test class: checkpack.Teng1</td>
<td><div><pre>org.testng.TestNGException: 
Parameter &apos;browser&apos; is required by BeforeTest on method launchBrowser but has not been marked @Optional or defined
in C:\Users\rekha\ash eclipse-workspace\Start8sept2023\Regression.xml
... Removed 21 stack frames</pre></div><a href='#' onClick='toggleBox("stack-trace2073972872", this, "Click to show all stack frames", "Click to hide stack frames")'>Click to show all stack frames</a>
<div class='stack-trace' id='stack-trace2073972872'><pre>org.testng.TestNGException: 
Parameter &apos;browser&apos; is required by BeforeTest on method launchBrowser but has not been marked @Optional or defined
in C:\Users\rekha\ash eclipse-workspace\Start8sept2023\Regression.xml
	at org.testng.internal.Parameters.createParams(Parameters.java:267)
	at org.testng.internal.Parameters.createParametersForMethod(Parameters.java:355)
	at org.testng.internal.Parameters.createParameters(Parameters.java:684)
	at org.testng.internal.Parameters.createConfigurationParameters(Parameters.java:166)
	at org.testng.internal.invokers.ConfigInvoker.invokeConfigurations(ConfigInvoker.java:306)
	at org.testng.TestRunner.invokeTestConfigurations(TestRunner.java:663)
	at org.testng.TestRunner.beforeRun(TestRunner.java:652)
	at org.testng.TestRunner.run(TestRunner.java:614)
	at org.testng.SuiteRunner.runTest(SuiteRunner.java:443)
	at org.testng.SuiteRunner.runSequentially(SuiteRunner.java:437)
	at org.testng.SuiteRunner.privateRun(SuiteRunner.java:397)
	at org.testng.SuiteRunner.run(SuiteRunner.java:336)
	at org.testng.SuiteRunnerWorker.runSuite(SuiteRunnerWorker.java:52)
	at org.testng.SuiteRunnerWorker.run(SuiteRunnerWorker.java:95)
	at org.testng.TestNG.runSuitesSequentially(TestNG.java:1280)
	at org.testng.TestNG.runSuitesLocally(TestNG.java:1200)
	at org.testng.TestNG.runSuites(TestNG.java:1114)
	at org.testng.TestNG.run(TestNG.java:1082)
	at org.testng.remote.AbstractRemoteTestNG.run(AbstractRemoteTestNG.java:115)
	at org.testng.remote.RemoteTestNG.initAndRun(RemoteTestNG.java:251)
	at org.testng.remote.RemoteTestNG.main(RemoteTestNG.java:77)
</pre></div></td>
<td>0</td>
<td>checkpack.Teng1@65d09a04</td></tr>
<tr>
<td title='checkpack.VerifyFacbookLogin1.VerifyForgetButton()'><b>VerifyForgetButton</b><br>Test class: checkpack.VerifyFacbookLogin1</td>
<td><div><pre>org.testng.TestNGException: 
Parameter &apos;browser&apos; is required by BeforeTest on method launchBrowser but has not been marked @Optional or defined
in C:\Users\rekha\ash eclipse-workspace\Start8sept2023\Regression.xml
... Removed 21 stack frames</pre></div><a href='#' onClick='toggleBox("stack-trace803488924", this, "Click to show all stack frames", "Click to hide stack frames")'>Click to show all stack frames</a>
<div class='stack-trace' id='stack-trace803488924'><pre>org.testng.TestNGException: 
Parameter &apos;browser&apos; is required by BeforeTest on method launchBrowser but has not been marked @Optional or defined
in C:\Users\rekha\ash eclipse-workspace\Start8sept2023\Regression.xml
	at org.testng.internal.Parameters.createParams(Parameters.java:267)
	at org.testng.internal.Parameters.createParametersForMethod(Parameters.java:355)
	at org.testng.internal.Parameters.createParameters(Parameters.java:684)
	at org.testng.internal.Parameters.createConfigurationParameters(Parameters.java:166)
	at org.testng.internal.invokers.ConfigInvoker.invokeConfigurations(ConfigInvoker.java:306)
	at org.testng.TestRunner.invokeTestConfigurations(TestRunner.java:663)
	at org.testng.TestRunner.beforeRun(TestRunner.java:652)
	at org.testng.TestRunner.run(TestRunner.java:614)
	at org.testng.SuiteRunner.runTest(SuiteRunner.java:443)
	at org.testng.SuiteRunner.runSequentially(SuiteRunner.java:437)
	at org.testng.SuiteRunner.privateRun(SuiteRunner.java:397)
	at org.testng.SuiteRunner.run(SuiteRunner.java:336)
	at org.testng.SuiteRunnerWorker.runSuite(SuiteRunnerWorker.java:52)
	at org.testng.SuiteRunnerWorker.run(SuiteRunnerWorker.java:95)
	at org.testng.TestNG.runSuitesSequentially(TestNG.java:1280)
	at org.testng.TestNG.runSuitesLocally(TestNG.java:1200)
	at org.testng.TestNG.runSuites(TestNG.java:1114)
	at org.testng.TestNG.run(TestNG.java:1082)
	at org.testng.remote.AbstractRemoteTestNG.run(AbstractRemoteTestNG.java:115)
	at org.testng.remote.RemoteTestNG.initAndRun(RemoteTestNG.java:251)
	at org.testng.remote.RemoteTestNG.main(RemoteTestNG.java:77)
</pre></div></td>
<td>0</td>
<td>checkpack.VerifyFacbookLogin1@5aebe890</td></tr>
<tr>
<td title='checkpack.VerifyFacbookLogin1.openLoginPage()'><b>openLoginPage</b><br>Test class: checkpack.VerifyFacbookLogin1</td>
<td><div><pre>org.testng.TestNGException: 
Parameter &apos;browser&apos; is required by BeforeTest on method launchBrowser but has not been marked @Optional or defined
in C:\Users\rekha\ash eclipse-workspace\Start8sept2023\Regression.xml
... Removed 21 stack frames</pre></div><a href='#' onClick='toggleBox("stack-trace1338751955", this, "Click to show all stack frames", "Click to hide stack frames")'>Click to show all stack frames</a>
<div class='stack-trace' id='stack-trace1338751955'><pre>org.testng.TestNGException: 
Parameter &apos;browser&apos; is required by BeforeTest on method launchBrowser but has not been marked @Optional or defined
in C:\Users\rekha\ash eclipse-workspace\Start8sept2023\Regression.xml
	at org.testng.internal.Parameters.createParams(Parameters.java:267)
	at org.testng.internal.Parameters.createParametersForMethod(Parameters.java:355)
	at org.testng.internal.Parameters.createParameters(Parameters.java:684)
	at org.testng.internal.Parameters.createConfigurationParameters(Parameters.java:166)
	at org.testng.internal.invokers.ConfigInvoker.invokeConfigurations(ConfigInvoker.java:306)
	at org.testng.TestRunner.invokeTestConfigurations(TestRunner.java:663)
	at org.testng.TestRunner.beforeRun(TestRunner.java:652)
	at org.testng.TestRunner.run(TestRunner.java:614)
	at org.testng.SuiteRunner.runTest(SuiteRunner.java:443)
	at org.testng.SuiteRunner.runSequentially(SuiteRunner.java:437)
	at org.testng.SuiteRunner.privateRun(SuiteRunner.java:397)
	at org.testng.SuiteRunner.run(SuiteRunner.java:336)
	at org.testng.SuiteRunnerWorker.runSuite(SuiteRunnerWorker.java:52)
	at org.testng.SuiteRunnerWorker.run(SuiteRunnerWorker.java:95)
	at org.testng.TestNG.runSuitesSequentially(TestNG.java:1280)
	at org.testng.TestNG.runSuitesLocally(TestNG.java:1200)
	at org.testng.TestNG.runSuites(TestNG.java:1114)
	at org.testng.TestNG.run(TestNG.java:1082)
	at org.testng.remote.AbstractRemoteTestNG.run(AbstractRemoteTestNG.java:115)
	at org.testng.remote.RemoteTestNG.initAndRun(RemoteTestNG.java:251)
	at org.testng.remote.RemoteTestNG.main(RemoteTestNG.java:77)
</pre></div></td>
<td>0</td>
<td>checkpack.VerifyFacbookLogin1@5aebe890</td></tr>
</table><p>
</body>
</html>