<?xml version="1.0" encoding="UTF-8"?>
<!-- Generated by org.testng.reporters.JUnitXMLReporter -->
<testsuite ignored="0" hostname="ARS747791" failures="2" tests="6" name="Sanity Test" time="0.14" errors="0" timestamp="2023-10-14T01:29:28 IST">
  <testcase classname="checkpack.VerifyFacbookLogin1" name="VerifyForgetButton" time="0.015">
    <failure type="java.lang.NullPointerException" message="Cannot invoke &amp;quot;org.openqa.selenium.WebDriver.get(String)&amp;quot; because &amp;quot;this.driver&amp;quot; is null">
      <![CDATA[java.lang.NullPointerException: Cannot invoke "org.openqa.selenium.WebDriver.get(String)" because "this.driver" is null
at checkpack.VerifyFacbookLogin1.VerifyForgetButton(VerifyFacbookLogin1.java:120)
at java.base/java.util.concurrent.ThreadPoolExecutor.runWorker(ThreadPoolExecutor.java:1144)
at java.base/java.util.concurrent.ThreadPoolExecutor$Worker.run(ThreadPoolExecutor.java:642)
at java.base/java.lang.Thread.run(Thread.java:1623)
... Removed 10 stack frames]]>
    </failure>
  </testcase> <!-- VerifyForgetButton -->
  <testcase classname="checkpack.VerifyFacbookLogin1" name="openLoginPage" time="0.002">
    <failure type="java.lang.NullPointerException" message="Cannot invoke &amp;quot;org.openqa.selenium.WebDriver.get(String)&amp;quot; because &amp;quot;this.driver&amp;quot; is null">
      <![CDATA[java.lang.NullPointerException: Cannot invoke "org.openqa.selenium.WebDriver.get(String)" because "this.driver" is null
at checkpack.VerifyFacbookLogin1.openLoginPage(VerifyFacbookLogin1.java:90)
at java.base/java.util.concurrent.ThreadPoolExecutor.runWorker(ThreadPoolExecutor.java:1144)
at java.base/java.util.concurrent.ThreadPoolExecutor$Worker.run(ThreadPoolExecutor.java:642)
at java.base/java.lang.Thread.run(Thread.java:1623)
... Removed 10 stack frames]]>
    </failure>
  </testcase> <!-- openLoginPage -->
  <testcase classname="checkpack.Teng1" name="test1" time="0.002"/>
  <testcase classname="checkpack.Teng1" name="test2" time="0.003"/>
  <testcase classname="checkpack.Teng1" name="test3" time="0.003"/>
  <testcase classname="checkpack.Teng1" name="test4" time="0.002"/>
</testsuite> <!-- Sanity Test -->
